<?xml version="1.0" encoding="UTF-8"?>
<testng-results ignored="0" total="1" passed="1" failed="0" skipped="0">
  <reporter-output>
  </reporter-output>
  <suite started-at="2024-03-28T16:53:08 IST" name="Surefire suite" finished-at="2024-03-28T16:53:44 IST" duration-ms="35980">
    <groups>
    </groups>
    <test started-at="2024-03-28T16:53:08 IST" name="Surefire test" finished-at="2024-03-28T16:53:44 IST" duration-ms="35980">
      <class name="SeleniumAssignment.Assignment1_CaseStudy1.AppTest">
        <test-method signature="testCase()[pri:0, instance:SeleniumAssignment.Assignment1_CaseStudy1.AppTest@1df82230]" started-at="2024-03-28T16:53:08 IST" name="testCase" finished-at="2024-03-28T16:53:44 IST" duration-ms="35958" status="PASS">
          <reporter-output>
          </reporter-output>
        </test-method> <!-- testCase -->
      </class> <!-- SeleniumAssignment.Assignment1_CaseStudy1.AppTest -->
    </test> <!-- Surefire test -->
  </suite> <!-- Surefire suite -->
</testng-results>
