<?xml version="1.0" encoding="UTF-8"?>
<testng-results ignored="0" total="1" passed="1" failed="0" skipped="0">
  <reporter-output>
  </reporter-output>
  <suite started-at="2024-03-21T09:46:34 IST" name="Default suite" finished-at="2024-03-21T09:47:16 IST" duration-ms="41561">
    <groups>
    </groups>
    <test started-at="2024-03-21T09:46:34 IST" name="Default test" finished-at="2024-03-21T09:47:16 IST" duration-ms="41561">
      <class name="SeleniumAssignment.Assignment1_CaseStudy1.AppTest">
        <test-method signature="testCase()[pri:0, instance:SeleniumAssignment.Assignment1_CaseStudy1.AppTest@38c6f217]" started-at="2024-03-21T09:46:34 IST" name="testCase" finished-at="2024-03-21T09:47:16 IST" duration-ms="41524" status="PASS">
          <reporter-output>
          </reporter-output>
        </test-method> <!-- testCase -->
      </class> <!-- SeleniumAssignment.Assignment1_CaseStudy1.AppTest -->
    </test> <!-- Default test -->
  </suite> <!-- Default suite -->
</testng-results>
